07-19 19:01:40 com_github_MitjaNemec_PlaceFootprints.action_place_footprints 647:Plugin executed on: 'win32'
07-19 19:01:40 com_github_MitjaNemec_PlaceFootprints.action_place_footprints 648:Plugin executed with python version: '3.11.5 (main, Jan 19 2024, 08:13:45) [MSC v.1936 64 bit (AMD64)]'
07-19 19:01:40 com_github_MitjaNemec_PlaceFootprints.action_place_footprints 649:KiCad build version: 8.0.1
07-19 19:01:40 com_github_MitjaNemec_PlaceFootprints.action_place_footprints 650:Plugin version: 3.0.0
07-19 19:01:40 com_github_MitjaNemec_PlaceFootprints.action_place_footprints 651:Frame repr: <wx._core.Frame object at 0x0000019D98320430>
07-19 19:01:40 com_github_MitjaNemec_PlaceFootprints.place_footprints 121:getting a list of all footprints on board
07-19 19:01:40 com_github_MitjaNemec_PlaceFootprints.place_footprints 156:Footprint R93 on root level
07-19 19:01:40 com_github_MitjaNemec_PlaceFootprints.place_footprints 156:Footprint R92 on root level
07-19 19:01:40 com_github_MitjaNemec_PlaceFootprints.place_footprints 156:Footprint R63 on root level
07-19 19:01:40 com_github_MitjaNemec_PlaceFootprints.place_footprints 156:Footprint R61 on root level
07-19 19:01:40 com_github_MitjaNemec_PlaceFootprints.place_footprints 156:Footprint R59 on root level
07-19 19:01:40 com_github_MitjaNemec_PlaceFootprints.place_footprints 156:Footprint R57 on root level
07-19 19:01:40 com_github_MitjaNemec_PlaceFootprints.place_footprints 156:Footprint R55 on root level
07-19 19:01:40 com_github_MitjaNemec_PlaceFootprints.place_footprints 156:Footprint R53 on root level
07-19 19:01:40 com_github_MitjaNemec_PlaceFootprints.place_footprints 156:Footprint R51 on root level
07-19 19:01:40 com_github_MitjaNemec_PlaceFootprints.place_footprints 156:Footprint R49 on root level
07-19 19:01:40 com_github_MitjaNemec_PlaceFootprints.place_footprints 156:Footprint R47 on root level
07-19 19:01:40 com_github_MitjaNemec_PlaceFootprints.place_footprints 156:Footprint R45 on root level
07-19 19:01:40 com_github_MitjaNemec_PlaceFootprints.place_footprints 156:Footprint R43 on root level
07-19 19:01:40 com_github_MitjaNemec_PlaceFootprints.place_footprints 156:Footprint R42 on root level
07-19 19:01:40 com_github_MitjaNemec_PlaceFootprints.place_footprints 156:Footprint R40 on root level
07-19 19:01:40 com_github_MitjaNemec_PlaceFootprints.place_footprints 156:Footprint R38 on root level
07-19 19:01:40 com_github_MitjaNemec_PlaceFootprints.place_footprints 156:Footprint LED14 on root level
07-19 19:01:40 com_github_MitjaNemec_PlaceFootprints.place_footprints 156:Footprint LED13 on root level
07-19 19:01:40 com_github_MitjaNemec_PlaceFootprints.place_footprints 156:Footprint LED12 on root level
07-19 19:01:40 com_github_MitjaNemec_PlaceFootprints.place_footprints 156:Footprint LED11 on root level
07-19 19:01:40 com_github_MitjaNemec_PlaceFootprints.place_footprints 156:Footprint LED10 on root level
07-19 19:01:40 com_github_MitjaNemec_PlaceFootprints.place_footprints 156:Footprint LED9 on root level
07-19 19:01:40 com_github_MitjaNemec_PlaceFootprints.place_footprints 156:Footprint LED8 on root level
07-19 19:01:40 com_github_MitjaNemec_PlaceFootprints.place_footprints 156:Footprint LED7 on root level
07-19 19:01:40 com_github_MitjaNemec_PlaceFootprints.place_footprints 156:Footprint LED6 on root level
07-19 19:01:40 com_github_MitjaNemec_PlaceFootprints.place_footprints 156:Footprint LED5 on root level
07-19 19:01:40 com_github_MitjaNemec_PlaceFootprints.place_footprints 156:Footprint LED4 on root level
07-19 19:01:40 com_github_MitjaNemec_PlaceFootprints.place_footprints 156:Footprint LED3 on root level
07-19 19:01:40 com_github_MitjaNemec_PlaceFootprints.place_footprints 156:Footprint LED2 on root level
07-19 19:01:40 com_github_MitjaNemec_PlaceFootprints.place_footprints 156:Footprint LED1 on root level
07-19 19:01:40 com_github_MitjaNemec_PlaceFootprints.place_footprints 156:Footprint J1 on root level
07-19 19:01:40 com_github_MitjaNemec_PlaceFootprints.place_footprints 156:Footprint R32 on root level
07-19 19:01:40 com_github_MitjaNemec_PlaceFootprints.place_footprints 156:Footprint D1 on root level
07-19 19:01:40 com_github_MitjaNemec_PlaceFootprints.place_footprints 156:Footprint C1 on root level
07-19 19:01:40 com_github_MitjaNemec_PlaceFootprints.place_footprints 156:Footprint R13 on root level
07-19 19:01:40 com_github_MitjaNemec_PlaceFootprints.place_footprints 156:Footprint C10 on root level
07-19 19:01:40 com_github_MitjaNemec_PlaceFootprints.place_footprints 156:Footprint R2 on root level
07-19 19:01:40 com_github_MitjaNemec_PlaceFootprints.place_footprints 156:Footprint C27 on root level
07-19 19:01:40 com_github_MitjaNemec_PlaceFootprints.place_footprints 156:Footprint R62 on root level
07-19 19:01:40 com_github_MitjaNemec_PlaceFootprints.place_footprints 156:Footprint C3 on root level
07-19 19:01:40 com_github_MitjaNemec_PlaceFootprints.place_footprints 156:Footprint C16 on root level
07-19 19:01:40 com_github_MitjaNemec_PlaceFootprints.place_footprints 156:Footprint C9 on root level
07-19 19:01:40 com_github_MitjaNemec_PlaceFootprints.place_footprints 156:Footprint R86 on root level
07-19 19:01:40 com_github_MitjaNemec_PlaceFootprints.place_footprints 156:Footprint R27 on root level
07-19 19:01:40 com_github_MitjaNemec_PlaceFootprints.place_footprints 156:Footprint R35 on root level
07-19 19:01:40 com_github_MitjaNemec_PlaceFootprints.place_footprints 156:Footprint J3 on root level
07-19 19:01:40 com_github_MitjaNemec_PlaceFootprints.place_footprints 156:Footprint R29 on root level
07-19 19:01:40 com_github_MitjaNemec_PlaceFootprints.place_footprints 156:Footprint Z8 on root level
07-19 19:01:40 com_github_MitjaNemec_PlaceFootprints.place_footprints 156:Footprint R3 on root level
07-19 19:01:40 com_github_MitjaNemec_PlaceFootprints.place_footprints 156:Footprint R33 on root level
07-19 19:01:40 com_github_MitjaNemec_PlaceFootprints.place_footprints 156:Footprint C23 on root level
07-19 19:01:40 com_github_MitjaNemec_PlaceFootprints.place_footprints 156:Footprint R81 on root level
07-19 19:01:40 com_github_MitjaNemec_PlaceFootprints.place_footprints 156:Footprint R96 on root level
07-19 19:01:40 com_github_MitjaNemec_PlaceFootprints.place_footprints 156:Footprint R82 on root level
07-19 19:01:40 com_github_MitjaNemec_PlaceFootprints.place_footprints 156:Footprint R52 on root level
07-19 19:01:40 com_github_MitjaNemec_PlaceFootprints.place_footprints 156:Footprint C15 on root level
07-19 19:01:40 com_github_MitjaNemec_PlaceFootprints.place_footprints 156:Footprint R21 on root level
07-19 19:01:40 com_github_MitjaNemec_PlaceFootprints.place_footprints 156:Footprint D2 on root level
07-19 19:01:40 com_github_MitjaNemec_PlaceFootprints.place_footprints 156:Footprint Q15 on root level
07-19 19:01:40 com_github_MitjaNemec_PlaceFootprints.place_footprints 156:Footprint C11 on root level
07-19 19:01:40 com_github_MitjaNemec_PlaceFootprints.place_footprints 156:Footprint Q8 on root level
07-19 19:01:40 com_github_MitjaNemec_PlaceFootprints.place_footprints 156:Footprint Z13 on root level
07-19 19:01:40 com_github_MitjaNemec_PlaceFootprints.place_footprints 156:Footprint Z10 on root level
07-19 19:01:40 com_github_MitjaNemec_PlaceFootprints.place_footprints 156:Footprint C26 on root level
07-19 19:01:40 com_github_MitjaNemec_PlaceFootprints.place_footprints 156:Footprint R8 on root level
07-19 19:01:40 com_github_MitjaNemec_PlaceFootprints.place_footprints 156:Footprint R69 on root level
07-19 19:01:40 com_github_MitjaNemec_PlaceFootprints.place_footprints 156:Footprint C18 on root level
07-19 19:01:40 com_github_MitjaNemec_PlaceFootprints.place_footprints 156:Footprint Z4 on root level
07-19 19:01:40 com_github_MitjaNemec_PlaceFootprints.place_footprints 156:Footprint R76 on root level
07-19 19:01:40 com_github_MitjaNemec_PlaceFootprints.place_footprints 156:Footprint R70 on root level
07-19 19:01:40 com_github_MitjaNemec_PlaceFootprints.place_footprints 156:Footprint R4 on root level
07-19 19:01:40 com_github_MitjaNemec_PlaceFootprints.place_footprints 156:Footprint R56 on root level
07-19 19:01:40 com_github_MitjaNemec_PlaceFootprints.place_footprints 156:Footprint C8 on root level
07-19 19:01:40 com_github_MitjaNemec_PlaceFootprints.place_footprints 156:Footprint C29 on root level
07-19 19:01:40 com_github_MitjaNemec_PlaceFootprints.place_footprints 156:Footprint R67 on root level
07-19 19:01:40 com_github_MitjaNemec_PlaceFootprints.place_footprints 156:Footprint C20 on root level
07-19 19:01:40 com_github_MitjaNemec_PlaceFootprints.place_footprints 156:Footprint R91 on root level
07-19 19:01:40 com_github_MitjaNemec_PlaceFootprints.place_footprints 156:Footprint R5 on root level
07-19 19:01:40 com_github_MitjaNemec_PlaceFootprints.place_footprints 156:Footprint R75 on root level
07-19 19:01:40 com_github_MitjaNemec_PlaceFootprints.place_footprints 156:Footprint R78 on root level
07-19 19:01:40 com_github_MitjaNemec_PlaceFootprints.place_footprints 156:Footprint R12 on root level
07-19 19:01:40 com_github_MitjaNemec_PlaceFootprints.place_footprints 156:Footprint R15 on root level
07-19 19:01:40 com_github_MitjaNemec_PlaceFootprints.place_footprints 156:Footprint C24 on root level
07-19 19:01:40 com_github_MitjaNemec_PlaceFootprints.place_footprints 156:Footprint R41 on root level
07-19 19:01:40 com_github_MitjaNemec_PlaceFootprints.place_footprints 156:Footprint Z6 on root level
07-19 19:01:40 com_github_MitjaNemec_PlaceFootprints.place_footprints 156:Footprint C30 on root level
07-19 19:01:40 com_github_MitjaNemec_PlaceFootprints.place_footprints 156:Footprint R1 on root level
07-19 19:01:40 com_github_MitjaNemec_PlaceFootprints.place_footprints 156:Footprint Q6 on root level
07-19 19:01:40 com_github_MitjaNemec_PlaceFootprints.place_footprints 156:Footprint Z7 on root level
07-19 19:01:40 com_github_MitjaNemec_PlaceFootprints.place_footprints 156:Footprint C28 on root level
07-19 19:01:40 com_github_MitjaNemec_PlaceFootprints.place_footprints 156:Footprint R66 on root level
07-19 19:01:40 com_github_MitjaNemec_PlaceFootprints.place_footprints 156:Footprint R64 on root level
07-19 19:01:40 com_github_MitjaNemec_PlaceFootprints.place_footprints 156:Footprint R14 on root level
07-19 19:01:40 com_github_MitjaNemec_PlaceFootprints.place_footprints 156:Footprint R95 on root level
07-19 19:01:40 com_github_MitjaNemec_PlaceFootprints.place_footprints 156:Footprint Z12 on root level
07-19 19:01:40 com_github_MitjaNemec_PlaceFootprints.place_footprints 156:Footprint C4 on root level
07-19 19:01:40 com_github_MitjaNemec_PlaceFootprints.place_footprints 156:Footprint R39 on root level
07-19 19:01:40 com_github_MitjaNemec_PlaceFootprints.place_footprints 156:Footprint C22 on root level
07-19 19:01:40 com_github_MitjaNemec_PlaceFootprints.place_footprints 156:Footprint R24 on root level
07-19 19:01:40 com_github_MitjaNemec_PlaceFootprints.place_footprints 156:Footprint Z9 on root level
07-19 19:01:40 com_github_MitjaNemec_PlaceFootprints.place_footprints 156:Footprint R7 on root level
07-19 19:01:40 com_github_MitjaNemec_PlaceFootprints.place_footprints 156:Footprint C17 on root level
07-19 19:01:40 com_github_MitjaNemec_PlaceFootprints.place_footprints 156:Footprint Q4 on root level
07-19 19:01:40 com_github_MitjaNemec_PlaceFootprints.place_footprints 156:Footprint J2 on root level
07-19 19:01:40 com_github_MitjaNemec_PlaceFootprints.place_footprints 156:Footprint Q11 on root level
07-19 19:01:40 com_github_MitjaNemec_PlaceFootprints.place_footprints 156:Footprint R44 on root level
07-19 19:01:40 com_github_MitjaNemec_PlaceFootprints.place_footprints 156:Footprint R72 on root level
07-19 19:01:40 com_github_MitjaNemec_PlaceFootprints.place_footprints 156:Footprint R46 on root level
07-19 19:01:40 com_github_MitjaNemec_PlaceFootprints.place_footprints 156:Footprint R16 on root level
07-19 19:01:40 com_github_MitjaNemec_PlaceFootprints.place_footprints 156:Footprint Q7 on root level
07-19 19:01:40 com_github_MitjaNemec_PlaceFootprints.place_footprints 156:Footprint R26 on root level
07-19 19:01:40 com_github_MitjaNemec_PlaceFootprints.place_footprints 156:Footprint D4 on root level
07-19 19:01:40 com_github_MitjaNemec_PlaceFootprints.place_footprints 156:Footprint R73 on root level
07-19 19:01:40 com_github_MitjaNemec_PlaceFootprints.place_footprints 156:Footprint R68 on root level
07-19 19:01:40 com_github_MitjaNemec_PlaceFootprints.place_footprints 156:Footprint Z3 on root level
07-19 19:01:40 com_github_MitjaNemec_PlaceFootprints.place_footprints 156:Footprint C12 on root level
07-19 19:01:40 com_github_MitjaNemec_PlaceFootprints.place_footprints 156:Footprint R84 on root level
07-19 19:01:40 com_github_MitjaNemec_PlaceFootprints.place_footprints 156:Footprint Z11 on root level
07-19 19:01:40 com_github_MitjaNemec_PlaceFootprints.place_footprints 156:Footprint C13 on root level
07-19 19:01:40 com_github_MitjaNemec_PlaceFootprints.place_footprints 156:Footprint R25 on root level
07-19 19:01:40 com_github_MitjaNemec_PlaceFootprints.place_footprints 156:Footprint Q9 on root level
07-19 19:01:40 com_github_MitjaNemec_PlaceFootprints.place_footprints 156:Footprint R79 on root level
07-19 19:01:40 com_github_MitjaNemec_PlaceFootprints.place_footprints 156:Footprint R74 on root level
07-19 19:01:40 com_github_MitjaNemec_PlaceFootprints.place_footprints 156:Footprint R58 on root level
07-19 19:01:40 com_github_MitjaNemec_PlaceFootprints.place_footprints 156:Footprint R36 on root level
07-19 19:01:40 com_github_MitjaNemec_PlaceFootprints.place_footprints 156:Footprint R11 on root level
07-19 19:01:40 com_github_MitjaNemec_PlaceFootprints.place_footprints 156:Footprint R48 on root level
07-19 19:01:40 com_github_MitjaNemec_PlaceFootprints.place_footprints 156:Footprint R71 on root level
07-19 19:01:40 com_github_MitjaNemec_PlaceFootprints.place_footprints 156:Footprint Q14 on root level
07-19 19:01:40 com_github_MitjaNemec_PlaceFootprints.place_footprints 156:Footprint C21 on root level
07-19 19:01:40 com_github_MitjaNemec_PlaceFootprints.place_footprints 156:Footprint R65 on root level
07-19 19:01:40 com_github_MitjaNemec_PlaceFootprints.place_footprints 156:Footprint R19 on root level
07-19 19:01:40 com_github_MitjaNemec_PlaceFootprints.place_footprints 156:Footprint R83 on root level
07-19 19:01:40 com_github_MitjaNemec_PlaceFootprints.place_footprints 156:Footprint R18 on root level
07-19 19:01:40 com_github_MitjaNemec_PlaceFootprints.place_footprints 156:Footprint C5 on root level
07-19 19:01:40 com_github_MitjaNemec_PlaceFootprints.place_footprints 156:Footprint R90 on root level
07-19 19:01:40 com_github_MitjaNemec_PlaceFootprints.place_footprints 156:Footprint Q1 on root level
07-19 19:01:40 com_github_MitjaNemec_PlaceFootprints.place_footprints 156:Footprint R50 on root level
07-19 19:01:40 com_github_MitjaNemec_PlaceFootprints.place_footprints 156:Footprint Q12 on root level
07-19 19:01:40 com_github_MitjaNemec_PlaceFootprints.place_footprints 156:Footprint R80 on root level
07-19 19:01:40 com_github_MitjaNemec_PlaceFootprints.place_footprints 156:Footprint U1 on root level
07-19 19:01:40 com_github_MitjaNemec_PlaceFootprints.place_footprints 156:Footprint R22 on root level
07-19 19:01:40 com_github_MitjaNemec_PlaceFootprints.place_footprints 156:Footprint IC1 on root level
07-19 19:01:40 com_github_MitjaNemec_PlaceFootprints.place_footprints 156:Footprint C2 on root level
07-19 19:01:40 com_github_MitjaNemec_PlaceFootprints.place_footprints 156:Footprint D3 on root level
07-19 19:01:40 com_github_MitjaNemec_PlaceFootprints.place_footprints 156:Footprint Q2 on root level
07-19 19:01:40 com_github_MitjaNemec_PlaceFootprints.place_footprints 156:Footprint Z14 on root level
07-19 19:01:40 com_github_MitjaNemec_PlaceFootprints.place_footprints 156:Footprint Q13 on root level
07-19 19:01:40 com_github_MitjaNemec_PlaceFootprints.place_footprints 156:Footprint R85 on root level
07-19 19:01:40 com_github_MitjaNemec_PlaceFootprints.place_footprints 156:Footprint R9 on root level
07-19 19:01:40 com_github_MitjaNemec_PlaceFootprints.place_footprints 156:Footprint R77 on root level
07-19 19:01:40 com_github_MitjaNemec_PlaceFootprints.place_footprints 156:Footprint R54 on root level
07-19 19:01:40 com_github_MitjaNemec_PlaceFootprints.place_footprints 156:Footprint C14 on root level
07-19 19:01:40 com_github_MitjaNemec_PlaceFootprints.place_footprints 156:Footprint Z1 on root level
07-19 19:01:40 com_github_MitjaNemec_PlaceFootprints.place_footprints 156:Footprint C7 on root level
07-19 19:01:40 com_github_MitjaNemec_PlaceFootprints.place_footprints 156:Footprint R87 on root level
07-19 19:01:40 com_github_MitjaNemec_PlaceFootprints.place_footprints 156:Footprint R23 on root level
07-19 19:01:40 com_github_MitjaNemec_PlaceFootprints.place_footprints 156:Footprint Z2 on root level
07-19 19:01:40 com_github_MitjaNemec_PlaceFootprints.place_footprints 156:Footprint R88 on root level
07-19 19:01:40 com_github_MitjaNemec_PlaceFootprints.place_footprints 156:Footprint R6 on root level
07-19 19:01:40 com_github_MitjaNemec_PlaceFootprints.place_footprints 156:Footprint R89 on root level
07-19 19:01:40 com_github_MitjaNemec_PlaceFootprints.place_footprints 156:Footprint C6 on root level
07-19 19:01:40 com_github_MitjaNemec_PlaceFootprints.place_footprints 156:Footprint R94 on root level
07-19 19:01:40 com_github_MitjaNemec_PlaceFootprints.place_footprints 156:Footprint R17 on root level
07-19 19:01:40 com_github_MitjaNemec_PlaceFootprints.place_footprints 156:Footprint R34 on root level
07-19 19:01:40 com_github_MitjaNemec_PlaceFootprints.place_footprints 156:Footprint Q5 on root level
07-19 19:01:40 com_github_MitjaNemec_PlaceFootprints.place_footprints 156:Footprint R28 on root level
07-19 19:01:40 com_github_MitjaNemec_PlaceFootprints.place_footprints 156:Footprint Q10 on root level
07-19 19:01:40 com_github_MitjaNemec_PlaceFootprints.place_footprints 156:Footprint C25 on root level
07-19 19:01:40 com_github_MitjaNemec_PlaceFootprints.place_footprints 156:Footprint R31 on root level
07-19 19:01:40 com_github_MitjaNemec_PlaceFootprints.place_footprints 156:Footprint C19 on root level
07-19 19:01:40 com_github_MitjaNemec_PlaceFootprints.place_footprints 156:Footprint R60 on root level
07-19 19:01:40 com_github_MitjaNemec_PlaceFootprints.place_footprints 156:Footprint R10 on root level
07-19 19:01:40 com_github_MitjaNemec_PlaceFootprints.place_footprints 156:Footprint Z5 on root level
07-19 19:01:40 com_github_MitjaNemec_PlaceFootprints.place_footprints 156:Footprint R37 on root level
07-19 19:01:40 com_github_MitjaNemec_PlaceFootprints.place_footprints 156:Footprint R30 on root level
07-19 19:01:40 com_github_MitjaNemec_PlaceFootprints.place_footprints 156:Footprint R20 on root level
07-19 19:01:40 com_github_MitjaNemec_PlaceFootprints.place_footprints 156:Footprint Q3 on root level
07-19 19:01:41 com_github_MitjaNemec_PlaceFootprints.action_place_footprints 830:Reference designator is: LED
07-19 19:01:41 com_github_MitjaNemec_PlaceFootprints.action_place_footprints 831:Reference number is: 1
07-19 19:01:41 com_github_MitjaNemec_PlaceFootprints.action_place_footprints 863:Sorted and filtered list:
['LED1', 'LED2', 'LED3', 'LED4', 'LED5', 'LED6', 'LED7', 'LED8', 'LED9', 'LED10', 'LED11', 'LED12', 'LED13', 'LED14']
07-19 19:01:41 com_github_MitjaNemec_PlaceFootprints.action_place_footprints 359:wx.Colour(240, 240, 240, 255)
07-19 19:01:49 com_github_MitjaNemec_PlaceFootprints.action_place_footprints 490:'0'
07-19 19:01:49 com_github_MitjaNemec_PlaceFootprints.action_place_footprints 536:Preparing config for reference linear
07-19 19:01:49 com_github_MitjaNemec_PlaceFootprints.action_place_footprints 556:Saving config file
07-19 19:01:49 com_github_MitjaNemec_PlaceFootprints.action_place_footprints 558:Saved the config file
07-19 19:01:49 com_github_MitjaNemec_PlaceFootprints.action_place_footprints 901:Footprints to place:
['LED1', 'LED2', 'LED3', 'LED4', 'LED5', 'LED6', 'LED7', 'LED8', 'LED9', 'LED10', 'LED11', 'LED12', 'LED13', 'LED14']
07-19 19:01:49 com_github_MitjaNemec_PlaceFootprints.place_footprints 367:Starting placing with linear layout
07-19 19:01:49 com_github_MitjaNemec_PlaceFootprints.action_place_footprints 942:Placing complete
